<?xml version="1.0" encoding="UTF-8"?>
<!-- Generated by org.testng.reporters.JUnitReportReporter -->
<testsuite hostname="MacBook-Pro.local" failures="0" tests="1" name="CSVTest" time="0.010" errors="0" timestamp="2022-05-15T19:54:21 EDT" skipped="0">
  <testcase classname="CSVTest" name="f" time="0.010"/>
  <system-out/>
</testsuite> <!-- CSVTest -->
