<?xml version="1.0" encoding="UTF-8"?>
<!-- Generated by org.testng.reporters.JUnitReportReporter -->
<testsuite hostname="MacBook-Pro.local" failures="0" tests="1" name="garage.NewTest" time="0.014" errors="0" timestamp="2022-04-22T14:02:45 EDT" skipped="0">
  <testcase classname="garage.NewTest" name="comparewithexeption" time="0.014"/>
  <system-out/>
</testsuite> <!-- garage.NewTest -->
