<?xml version="1.0" encoding="UTF-8"?>
<!-- Generated by org.testng.reporters.JUnitReportReporter -->
<testsuite hostname="MacBook-Pro.local" failures="0" tests="2" name="CarTests" time="0.008" errors="0" timestamp="2022-04-06T18:11:55 EDT" skipped="0">
  <testcase classname="CarTests" name="canBuildCar" time="0.007"/>
  <system-out/>
  <testcase classname="CarTests" name="f" time="0.001"/>
  <system-out/>
</testsuite> <!-- CarTests -->
